<?xml version="1.0" encoding="UTF-8"?>
<!-- Generated by org.testng.reporters.JUnitXMLReporter -->
<testsuite hostname="LAPTOP-H00IKJTD" ignored="0" name="Test" tests="4" failures="0" timestamp="2022-08-09T08:57:55 IST" time="0.388" errors="0">
  <testcase name="api1" time="0.045" classname="qaclickacademy.MavenFrameworkJava.RESTAPITest"/>
  <testcase name="api2" time="0.005" classname="qaclickacademy.MavenFrameworkJava.RESTAPITest"/>
  <testcase name="seleniumtest1" time="0.024" classname="qaclickacademy.MavenFrameworkJava.SeleniumTest"/>
  <testcase name="seleniumtest2" time="0.003" classname="qaclickacademy.MavenFrameworkJava.SeleniumTest"/>
</testsuite> <!-- Test -->
