<?xml version="1.0" encoding="UTF-8"?>
<testng-results skipped="0" failed="0" ignored="0" total="4" passed="4">
  <reporter-output>
  </reporter-output>
  <suite name="Suite" duration-ms="388" started-at="2022-08-09T08:57:55 IST" finished-at="2022-08-09T08:57:55 IST">
    <groups>
    </groups>
    <test name="Test" duration-ms="388" started-at="2022-08-09T08:57:55 IST" finished-at="2022-08-09T08:57:55 IST">
      <class name="qaclickacademy.MavenFrameworkJava.RESTAPITest">
        <test-method status="PASS" signature="api1()[pri:0, instance:qaclickacademy.MavenFrameworkJava.RESTAPITest@2173f6d9]" name="api1" duration-ms="45" started-at="2022-08-09T08:57:55 IST" finished-at="2022-08-09T08:57:55 IST">
          <reporter-output>
          </reporter-output>
        </test-method> <!-- api1 -->
        <test-method status="PASS" signature="api2()[pri:0, instance:qaclickacademy.MavenFrameworkJava.RESTAPITest@2173f6d9]" name="api2" duration-ms="5" started-at="2022-08-09T08:57:55 IST" finished-at="2022-08-09T08:57:55 IST">
          <reporter-output>
          </reporter-output>
        </test-method> <!-- api2 -->
      </class> <!-- qaclickacademy.MavenFrameworkJava.RESTAPITest -->
      <class name="qaclickacademy.MavenFrameworkJava.SeleniumTest">
        <test-method status="PASS" signature="seleniumtest1()[pri:0, instance:qaclickacademy.MavenFrameworkJava.SeleniumTest@36b4cef0]" name="seleniumtest1" duration-ms="24" started-at="2022-08-09T08:57:55 IST" finished-at="2022-08-09T08:57:55 IST">
          <reporter-output>
          </reporter-output>
        </test-method> <!-- seleniumtest1 -->
        <test-method status="PASS" signature="seleniumtest2()[pri:0, instance:qaclickacademy.MavenFrameworkJava.SeleniumTest@36b4cef0]" name="seleniumtest2" duration-ms="3" started-at="2022-08-09T08:57:55 IST" finished-at="2022-08-09T08:57:55 IST">
          <reporter-output>
          </reporter-output>
        </test-method> <!-- seleniumtest2 -->
      </class> <!-- qaclickacademy.MavenFrameworkJava.SeleniumTest -->
    </test> <!-- Test -->
  </suite> <!-- Suite -->
</testng-results>
